<?xml version="1.0" encoding="UTF-8"?>
<testsuite name="com.kodilla.stream.world.WorldTestSuite" tests="1" skipped="0" failures="0" errors="0" timestamp="2018-01-31T07:22:43" hostname="DESKTOP-M8OJLM8" time="0.004">
  <properties/>
  <testcase name="testPeopleQ" classname="com.kodilla.stream.world.WorldTestSuite" time="0.004"/>
  <system-out><![CDATA[]]></system-out>
  <system-err><![CDATA[]]></system-err>
</testsuite>
