<?xml version="1.0" encoding="UTF-8"?>
<testsuite name="com.kodilla.patterns.builder.bigmac.testBigmacSuite" tests="1" skipped="0" failures="0" errors="0" timestamp="2018-01-31T07:22:40" hostname="DESKTOP-M8OJLM8" time="0.003">
  <properties/>
  <testcase name="testBurger" classname="com.kodilla.patterns.builder.bigmac.testBigmacSuite" time="0.003"/>
  <system-out><![CDATA[Bigmac{roll='z sezamem', burger='kotlet', sauce='Barbecue', ingredients=[saĹ‚ata, kalafior, pomidor]}
]]></system-out>
  <system-err><![CDATA[]]></system-err>
</testsuite>
