<?xml version="1.0" encoding="UTF-8"?>
<testsuite name="com.kodilla.patterns.strategy.social.UserTestSuite" tests="2" skipped="0" failures="0" errors="0" timestamp="2018-01-31T07:22:40" hostname="DESKTOP-M8OJLM8" time="0.003">
  <properties/>
  <testcase name="testDefaultSharingStrategies" classname="com.kodilla.patterns.strategy.social.UserTestSuite" time="0.002"/>
  <testcase name="testIndividualSharingStrategy" classname="com.kodilla.patterns.strategy.social.UserTestSuite" time="0.001"/>
  <system-out><![CDATA[Jack shouldWe use Facebook
Dog shouldJane Seimour
Bob shouldwe use twitter
Jack should:We use Facebook
Jack now should:we use twitter
]]></system-out>
  <system-err><![CDATA[]]></system-err>
</testsuite>
