<?xml version="1.0" encoding="UTF-8"?>
<testsuite name="com.kodilla.patterns.strategy.CustomerTestSuite" tests="2" skipped="0" failures="0" errors="0" timestamp="2018-01-31T07:22:40" hostname="DESKTOP-M8OJLM8" time="0.004">
  <properties/>
  <testcase name="testIndividualInvestingStrategy" classname="com.kodilla.patterns.strategy.CustomerTestSuite" time="0.002"/>
  <testcase name="testDefaultInvestingStrategies" classname="com.kodilla.patterns.strategy.CustomerTestSuite" time="0.001"/>
  <system-out><![CDATA[Steven should: [Conservative predictor] Buy stock of XYZ
Steven now should: [Aggressive predictor] Buy stock of XYZ
Steven should: [Conservative predictor] Buy stock of XYZ
John should: [Aggressive predictor] Buy stock of XYZ
Kodilla should: [Balanced predictor] Buy stock of XYZ
]]></system-out>
  <system-err><![CDATA[]]></system-err>
</testsuite>
